<?xml version="1.0" encoding="UTF-8"?>
<testsuite xmlns:xsi="http://www.w3.org/2001/XMLSchema-instance" xsi:noNamespaceSchemaLocation="https://maven.apache.org/surefire/maven-surefire-plugin/xsd/surefire-test-report.xsd" name="anonymous.TestsForSimpleCalculator" time="0.001" tests="5" errors="0" skipped="0" failures="0">
  <properties>
[...]
</properties>
  <testcase name="timeoutOnMutant" classname="anonymous.TestsForSimpleCalculator" time="0"/>
  <testcase name="testSum" classname="anonymous.TestsForSimpleCalculator" time="0"/>
  <testcase name="testSumWithNegativeNumber" classname="anonymous.TestsForSimpleCalculator" time="0"/>
  <testcase name="unknownErrorOnMutant" classname="anonymous.TestsForSimpleCalculator" time="0"/>
  <testcase name="pseudoTestSum" classname="anonymous.TestsForSimpleCalculator" time="0"/>
</testsuite>